<?xml version="1.0" encoding="UTF-8"?>
<testsuite name="com.example.tdd.TddApplicationTests" tests="1" skipped="0" failures="0" errors="0" timestamp="2023-05-06T12:33:24" hostname="ijieun-ui-MacBookPro-14919.local" time="0.482">
  <properties/>
  <testcase name="contextLoads()" classname="com.example.tdd.TddApplicationTests" time="0.482"/>
  <system-out><![CDATA[21:33:22.513 [Test worker] DEBUG org.springframework.test.context.BootstrapUtils - Instantiating CacheAwareContextLoaderDelegate from class [org.springframework.test.context.cache.DefaultCacheAwareContextLoaderDelegate]
21:33:22.525 [Test worker] DEBUG org.springframework.test.context.BootstrapUtils - Instantiating BootstrapContext using constructor [public org.springframework.test.context.support.DefaultBootstrapContext(java.lang.Class,org.springframework.test.context.CacheAwareContextLoaderDelegate)]
21:33:22.584 [Test worker] DEBUG org.springframework.test.context.BootstrapUtils - Instantiating TestContextBootstrapper for test class [com.example.tdd.TddApplicationTests] from class [org.springframework.boot.test.context.SpringBootTestContextBootstrapper]
21:33:22.607 [Test worker] INFO org.springframework.boot.test.context.SpringBootTestContextBootstrapper - Neither @ContextConfiguration nor @ContextHierarchy found for test class [com.example.tdd.TddApplicationTests], using SpringBootContextLoader
21:33:22.615 [Test worker] DEBUG org.springframework.test.context.support.AbstractContextLoader - Did not detect default resource location for test class [com.example.tdd.TddApplicationTests]: class path resource [com/example/tdd/TddApplicationTests-context.xml] does not exist
21:33:22.616 [Test worker] DEBUG org.springframework.test.context.support.AbstractContextLoader - Did not detect default resource location for test class [com.example.tdd.TddApplicationTests]: class path resource [com/example/tdd/TddApplicationTestsContext.groovy] does not exist
21:33:22.616 [Test worker] INFO org.springframework.test.context.support.AbstractContextLoader - Could not detect default resource locations for test class [com.example.tdd.TddApplicationTests]: no resource found for suffixes {-context.xml, Context.groovy}.
21:33:22.617 [Test worker] INFO org.springframework.test.context.support.AnnotationConfigContextLoaderUtils - Could not detect default configuration classes for test class [com.example.tdd.TddApplicationTests]: TddApplicationTests does not declare any static, non-private, non-final, nested classes annotated with @Configuration.
21:33:22.674 [Test worker] DEBUG org.springframework.test.context.support.ActiveProfilesUtils - Could not find an 'annotation declaring class' for annotation type [org.springframework.test.context.ActiveProfiles] and class [com.example.tdd.TddApplicationTests]
21:33:22.761 [Test worker] DEBUG org.springframework.context.annotation.ClassPathScanningCandidateComponentProvider - Identified candidate component class: file [/Users/ijieun/Desktop/Dev/workspace/tdd/build/classes/java/main/com/example/tdd/TddApplication.class]
21:33:22.764 [Test worker] INFO org.springframework.boot.test.context.SpringBootTestContextBootstrapper - Found @SpringBootConfiguration com.example.tdd.TddApplication for test class com.example.tdd.TddApplicationTests
21:33:22.903 [Test worker] DEBUG org.springframework.boot.test.context.SpringBootTestContextBootstrapper - @TestExecutionListeners is not present for class [com.example.tdd.TddApplicationTests]: using defaults.
21:33:22.905 [Test worker] INFO org.springframework.boot.test.context.SpringBootTestContextBootstrapper - Loaded default TestExecutionListener class names from location [META-INF/spring.factories]: [org.springframework.boot.test.autoconfigure.restdocs.RestDocsTestExecutionListener, org.springframework.boot.test.autoconfigure.web.client.MockRestServiceServerResetTestExecutionListener, org.springframework.boot.test.autoconfigure.web.servlet.MockMvcPrintOnlyOnFailureTestExecutionListener, org.springframework.boot.test.autoconfigure.web.servlet.WebDriverTestExecutionListener, org.springframework.boot.test.autoconfigure.webservices.client.MockWebServiceServerTestExecutionListener, org.springframework.boot.test.mock.mockito.MockitoTestExecutionListener, org.springframework.boot.test.mock.mockito.ResetMocksTestExecutionListener, org.springframework.test.context.web.ServletTestExecutionListener, org.springframework.test.context.support.DirtiesContextBeforeModesTestExecutionListener, org.springframework.test.context.event.ApplicationEventsTestExecutionListener, org.springframework.test.context.support.DependencyInjectionTestExecutionListener, org.springframework.test.context.support.DirtiesContextTestExecutionListener, org.springframework.test.context.transaction.TransactionalTestExecutionListener, org.springframework.test.context.jdbc.SqlScriptsTestExecutionListener, org.springframework.test.context.event.EventPublishingTestExecutionListener]
21:33:22.916 [Test worker] DEBUG org.springframework.boot.test.context.SpringBootTestContextBootstrapper - Skipping candidate TestExecutionListener [org.springframework.test.context.web.ServletTestExecutionListener] due to a missing dependency. Specify custom listener classes or make the default listener classes and their required dependencies available. Offending class: [javax/servlet/ServletContext]
21:33:22.918 [Test worker] DEBUG org.springframework.boot.test.context.SpringBootTestContextBootstrapper - Skipping candidate TestExecutionListener [org.springframework.test.context.transaction.TransactionalTestExecutionListener] due to a missing dependency. Specify custom listener classes or make the default listener classes and their required dependencies available. Offending class: [org/springframework/transaction/TransactionDefinition]
21:33:22.918 [Test worker] DEBUG org.springframework.boot.test.context.SpringBootTestContextBootstrapper - Skipping candidate TestExecutionListener [org.springframework.test.context.jdbc.SqlScriptsTestExecutionListener] due to a missing dependency. Specify custom listener classes or make the default listener classes and their required dependencies available. Offending class: [org/springframework/transaction/interceptor/TransactionAttribute]
21:33:22.919 [Test worker] INFO org.springframework.boot.test.context.SpringBootTestContextBootstrapper - Using TestExecutionListeners: [org.springframework.test.context.support.DirtiesContextBeforeModesTestExecutionListener@23c388c2, org.springframework.test.context.event.ApplicationEventsTestExecutionListener@486be205, org.springframework.boot.test.mock.mockito.MockitoTestExecutionListener@f713686, org.springframework.boot.test.autoconfigure.SpringBootDependencyInjectionTestExecutionListener@74f7d1d2, org.springframework.test.context.support.DirtiesContextTestExecutionListener@4b4dd216, org.springframework.test.context.event.EventPublishingTestExecutionListener@5ca17ab0, org.springframework.boot.test.autoconfigure.restdocs.RestDocsTestExecutionListener@5a62b2a4, org.springframework.boot.test.autoconfigure.web.client.MockRestServiceServerResetTestExecutionListener@1051817b, org.springframework.boot.test.autoconfigure.web.servlet.MockMvcPrintOnlyOnFailureTestExecutionListener@35293c05, org.springframework.boot.test.autoconfigure.web.servlet.WebDriverTestExecutionListener@620aa4ea, org.springframework.boot.test.autoconfigure.webservices.client.MockWebServiceServerTestExecutionListener@2db2dd9d, org.springframework.boot.test.mock.mockito.ResetMocksTestExecutionListener@3174cb09]
21:33:22.924 [Test worker] DEBUG org.springframework.test.context.support.AbstractDirtiesContextTestExecutionListener - Before test class: context [DefaultTestContext@d1f74b8 testClass = TddApplicationTests, testInstance = [null], testMethod = [null], testException = [null], mergedContextConfiguration = [MergedContextConfiguration@41394595 testClass = TddApplicationTests, locations = '{}', classes = '{class com.example.tdd.TddApplication}', contextInitializerClasses = '[]', activeProfiles = '{}', propertySourceLocations = '{}', propertySourceProperties = '{org.springframework.boot.test.context.SpringBootTestContextBootstrapper=true}', contextCustomizers = set[org.springframework.boot.test.autoconfigure.actuate.metrics.MetricsExportContextCustomizerFactory$DisableMetricExportContextCustomizer@4e858e0a, org.springframework.boot.test.autoconfigure.properties.PropertyMappingContextCustomizer@0, org.springframework.boot.test.autoconfigure.web.servlet.WebDriverContextCustomizerFactory$Customizer@793138bd, org.springframework.boot.test.context.filter.ExcludeFilterContextCustomizer@57ac5227, org.springframework.boot.test.json.DuplicateJsonObjectContextCustomizerFactory$DuplicateJsonObjectContextCustomizer@7c098bb3, org.springframework.boot.test.mock.mockito.MockitoContextCustomizer@0, org.springframework.boot.test.web.client.TestRestTemplateContextCustomizer@40f70521, org.springframework.boot.test.context.SpringBootTestArgs@1, org.springframework.boot.test.context.SpringBootTestWebEnvironment@29f7cefd], contextLoader = 'org.springframework.boot.test.context.SpringBootContextLoader', parent = [null]], attributes = map[[empty]]], class annotated with @DirtiesContext [false] with mode [null].
21:33:22.949 [Test worker] DEBUG org.springframework.test.context.support.DependencyInjectionTestExecutionListener - Performing dependency injection for test context [[DefaultTestContext@d1f74b8 testClass = TddApplicationTests, testInstance = com.example.tdd.TddApplicationTests@51650883, testMethod = [null], testException = [null], mergedContextConfiguration = [MergedContextConfiguration@41394595 testClass = TddApplicationTests, locations = '{}', classes = '{class com.example.tdd.TddApplication}', contextInitializerClasses = '[]', activeProfiles = '{}', propertySourceLocations = '{}', propertySourceProperties = '{org.springframework.boot.test.context.SpringBootTestContextBootstrapper=true}', contextCustomizers = set[org.springframework.boot.test.autoconfigure.actuate.metrics.MetricsExportContextCustomizerFactory$DisableMetricExportContextCustomizer@4e858e0a, org.springframework.boot.test.autoconfigure.properties.PropertyMappingContextCustomizer@0, org.springframework.boot.test.autoconfigure.web.servlet.WebDriverContextCustomizerFactory$Customizer@793138bd, org.springframework.boot.test.context.filter.ExcludeFilterContextCustomizer@57ac5227, org.springframework.boot.test.json.DuplicateJsonObjectContextCustomizerFactory$DuplicateJsonObjectContextCustomizer@7c098bb3, org.springframework.boot.test.mock.mockito.MockitoContextCustomizer@0, org.springframework.boot.test.web.client.TestRestTemplateContextCustomizer@40f70521, org.springframework.boot.test.context.SpringBootTestArgs@1, org.springframework.boot.test.context.SpringBootTestWebEnvironment@29f7cefd], contextLoader = 'org.springframework.boot.test.context.SpringBootContextLoader', parent = [null]], attributes = map['org.springframework.test.context.event.ApplicationEventsTestExecutionListener.recordApplicationEvents' -> false]]].

  .   ____          _            __ _ _
 /\\ / ___'_ __ _ _(_)_ __  __ _ \ \ \ \
( ( )\___ | '_ | '_| | '_ \/ _` | \ \ \ \
 \\/  ___)| |_)| | | | | || (_| |  ) ) ) )
  '  |____| .__|_| |_|_| |_\__, | / / / /
 =========|_|==============|___/=/_/_/_/
 :: Spring Boot ::               (v2.7.11)

2023-05-06 21:33:23.565  INFO 17198 --- [    Test worker] com.example.tdd.TddApplicationTests      : Starting TddApplicationTests using Java 11.0.13 on ijieun-ui-MacBookPro-14919.local with PID 17198 (started by ijieun in /Users/ijieun/Desktop/Dev/workspace/tdd)
2023-05-06 21:33:23.567  INFO 17198 --- [    Test worker] com.example.tdd.TddApplicationTests      : No active profile set, falling back to 1 default profile: "default"
2023-05-06 21:33:24.701  INFO 17198 --- [    Test worker] com.example.tdd.TddApplicationTests      : Started TddApplicationTests in 1.712 seconds (JVM running for 3.683)
]]></system-out>
  <system-err><![CDATA[]]></system-err>
</testsuite>
